# JRE version: Java(TM) SE Runtime Environment (17.0.9+11) (build 17.0.9+11-LTS-201)
# Java VM: Java HotSpot(TM) 64-Bit Server VM (17.0.9+11-LTS-201, mixed mode, sharing, tiered, compressed oops, compressed class ptrs, g1 gc, windows-amd64)
GC Precious Log:
 CPUs: 4 total, 4 available
 Memory: 16019M
 Large Page Support: Disabled
 NUMA Support: Disabled
 Compressed Oops: Enabled (Zero based)
 Heap Region Size: 2M
 Heap Min Capacity: 8M
 Heap Initial Capacity: 252M
 Heap Max Capacity: 4006M
 Pre-touch: Disabled
 Parallel Workers: 4
 Concurrent Workers: 1
 Concurrent Refinement Workers: 4
 Periodic GC: Disabled
Heap:
 garbage-first heap   total 618496K, used 145225K [0x0000000705a00000, 0x0000000800000000)
  region size 2048K, 3 young (6144K), 3 survivors (6144K)
 Metaspace       used 95158K, committed 95936K, reserved 1179648K
  class space    used 9214K, committed 9600K, reserved 1048576K
GC Heap History (20 events):
Event: 35.813 GC heap after
{Heap after GC invocations=50 (full 0):
 garbage-first heap   total 309248K, used 112640K [0x0000000705a00000, 0x0000000800000000)
  region size 2048K, 1 young (2048K), 1 survivors (2048K)
 Metaspace       used 77421K, committed 78144K, reserved 1179648K
  class space    used 7852K, committed 8192K, reserved 1048576K
}
Event: 36.244 GC heap before
{Heap before GC invocations=50 (full 0):
 garbage-first heap   total 309248K, used 239616K [0x0000000705a00000, 0x0000000800000000)
  region size 2048K, 63 young (129024K), 1 survivors (2048K)
 Metaspace       used 77459K, committed 78144K, reserved 1179648K
  class space    used 7852K, committed 8192K, reserved 1048576K
}
Event: 36.275 GC heap after
{Heap after GC invocations=51 (full 0):
 garbage-first heap   total 309248K, used 128605K [0x0000000705a00000, 0x0000000800000000)
  region size 2048K, 8 young (16384K), 8 survivors (16384K)
 Metaspace       used 77459K, committed 78144K, reserved 1179648K
  class space    used 7852K, committed 8192K, reserved 1048576K
}
Event: 36.808 GC heap before
{Heap before GC invocations=52 (full 0):
 garbage-first heap   total 309248K, used 233053K [0x0000000705a00000, 0x0000000800000000)
  region size 2048K, 63 young (129024K), 8 survivors (16384K)
 Metaspace       used 77473K, committed 78144K, reserved 1179648K
  class space    used 7852K, committed 8192K, reserved 1048576K
}
Event: 36.835 GC heap after
{Heap after GC invocations=53 (full 0):
 garbage-first heap   total 309248K, used 134532K [0x0000000705a00000, 0x0000000800000000)
  region size 2048K, 8 young (16384K), 8 survivors (16384K)
 Metaspace       used 77473K, committed 78144K, reserved 1179648K
  class space    used 7852K, committed 8192K, reserved 1048576K
}
Event: 36.844 GC heap before
{Heap before GC invocations=53 (full 0):
 garbage-first heap   total 309248K, used 136580K [0x0000000705a00000, 0x0000000800000000)
  region size 2048K, 9 young (18432K), 8 survivors (16384K)
 Metaspace       used 77473K, committed 78144K, reserved 1179648K
  class space    used 7852K, committed 8192K, reserved 1048576K
}
Event: 36.895 GC heap after
{Heap after GC invocations=54 (full 0):
 garbage-first heap   total 618496K, used 126963K [0x0000000705a00000, 0x0000000800000000)
  region size 2048K, 1 young (2048K), 1 survivors (2048K)
 Metaspace       used 77473K, committed 78144K, reserved 1179648K
  class space    used 7852K, committed 8192K, reserved 1048576K
}
Event: 44.364 GC heap before
{Heap before GC invocations=54 (full 0):
 garbage-first heap   total 618496K, used 456691K [0x0000000705a00000, 0x0000000800000000)
  region size 2048K, 162 young (331776K), 1 survivors (2048K)
 Metaspace       used 80135K, committed 80832K, reserved 1179648K
  class space    used 8091K, committed 8448K, reserved 1048576K
}
Event: 44.380 GC heap after
{Heap after GC invocations=55 (full 0):
 garbage-first heap   total 618496K, used 134647K [0x0000000705a00000, 0x0000000800000000)
  region size 2048K, 5 young (10240K), 5 survivors (10240K)
 Metaspace       used 80135K, committed 80832K, reserved 1179648K
  class space    used 8091K, committed 8448K, reserved 1048576K
}
Event: 45.450 GC heap before
{Heap before GC invocations=56 (full 0):
 garbage-first heap   total 479232K, used 435703K [0x0000000705a00000, 0x0000000800000000)
  region size 2048K, 154 young (315392K), 5 survivors (10240K)
 Metaspace       used 80152K, committed 80832K, reserved 1179648K
  class space    used 8091K, committed 8448K, reserved 1048576K
}
Event: 45.467 GC heap after
{Heap after GC invocations=57 (full 0):
 garbage-first heap   total 479232K, used 134292K [0x0000000705a00000, 0x0000000800000000)
  region size 2048K, 6 young (12288K), 6 survivors (12288K)
 Metaspace       used 80152K, committed 80832K, reserved 1179648K
  class space    used 8091K, committed 8448K, reserved 1048576K
}
Event: 45.558 GC heap before
{Heap before GC invocations=57 (full 0):
 garbage-first heap   total 479232K, used 144532K [0x0000000705a00000, 0x0000000800000000)
  region size 2048K, 11 young (22528K), 6 survivors (12288K)
 Metaspace       used 80152K, committed 80832K, reserved 1179648K
  class space    used 8091K, committed 8448K, reserved 1048576K
}
Event: 45.572 GC heap after
{Heap after GC invocations=58 (full 0):
 garbage-first heap   total 479232K, used 129153K [0x0000000705a00000, 0x0000000800000000)
  region size 2048K, 2 young (4096K), 2 survivors (4096K)
 Metaspace       used 80152K, committed 80832K, reserved 1179648K
  class space    used 8091K, committed 8448K, reserved 1048576K
}
Event: 46.404 GC heap before
{Heap before GC invocations=58 (full 0):
 garbage-first heap   total 479232K, used 383105K [0x0000000705a00000, 0x0000000800000000)
  region size 2048K, 126 young (258048K), 2 survivors (4096K)
 Metaspace       used 80166K, committed 80832K, reserved 1179648K
  class space    used 8092K, committed 8448K, reserved 1048576K
}
Event: 46.413 GC heap after
{Heap after GC invocations=59 (full 0):
 garbage-first heap   total 479232K, used 134273K [0x0000000705a00000, 0x0000000800000000)
  region size 2048K, 5 young (10240K), 5 survivors (10240K)
 Metaspace       used 80166K, committed 80832K, reserved 1179648K
  class space    used 8092K, committed 8448K, reserved 1048576K
}
Event: 55.813 GC heap before
{Heap before GC invocations=60 (full 0):
 garbage-first heap   total 479232K, used 388225K [0x0000000705a00000, 0x0000000800000000)
  region size 2048K, 129 young (264192K), 5 survivors (10240K)
 Metaspace       used 91833K, committed 92608K, reserved 1179648K
  class space    used 9106K, committed 9472K, reserved 1048576K
}
Event: 55.830 GC heap after
{Heap after GC invocations=61 (full 0):
 garbage-first heap   total 479232K, used 143967K [0x0000000705a00000, 0x0000000800000000)
  region size 2048K, 10 young (20480K), 10 survivors (20480K)
 Metaspace       used 91833K, committed 92608K, reserved 1179648K
  class space    used 9106K, committed 9472K, reserved 1048576K
}
Event: 55.860 GC heap before
{Heap before GC invocations=61 (full 0):
 garbage-first heap   total 479232K, used 143967K [0x0000000705a00000, 0x0000000800000000)
  region size 2048K, 11 young (22528K), 10 survivors (20480K)
 Metaspace       used 91851K, committed 92608K, reserved 1179648K
  class space    used 9107K, committed 9472K, reserved 1048576K
}
Event: 55.873 GC heap after
{Heap after GC invocations=62 (full 0):
 garbage-first heap   total 479232K, used 143152K [0x0000000705a00000, 0x0000000800000000)
  region size 2048K, 2 young (4096K), 2 survivors (4096K)
 Metaspace       used 91851K, committed 92608K, reserved 1179648K
  class space    used 9107K, committed 9472K, reserved 1048576K
}
Event: 62.160 GC heap before
{Heap before GC invocations=62 (full 0):
 garbage-first heap   total 479232K, used 388912K [0x0000000705a00000, 0x0000000800000000)
  region size 2048K, 123 young (251904K), 2 survivors (4096K)
 Metaspace       used 95158K, committed 95936K, reserved 1179648K
  class space    used 9214K, committed 9600K, reserved 1048576K
}

